Using pre-set license
Built from '2020.3/staging' branch; Version is '2020.3.11f1 (99c7afb366b3) revision 10078127'; Using compiler version '192528614'; Build Type 'Release'
OS: 'Windows 10 Pro; OS build 19042.1052; Version 2009; 64bit' Language: 'de' Physical Memory: 16301 MB
BatchMode: 1, IsHumanControllingUs: 0, StartBugReporterOnCrash: 0, Is64bit: 1, IsPro: 0

 COMMAND LINE ARGUMENTS:
D:\Apps\Coding\Unity\Unity Editor\2020.3.11f1\Editor\Unity.exe
-adb2
-batchMode
-noUpm
-name
AssetImportWorker0
-projectPath
C:/Users/hanne/Documents/GitHub/NetScapeRoom
-logFile
Logs/AssetImportWorker0.log
-srvPort
60072
Successfully changed project path to: C:/Users/hanne/Documents/GitHub/NetScapeRoom
C:/Users/hanne/Documents/GitHub/NetScapeRoom
Using Asset Import Pipeline V2.
Refreshing native plugins compatible for Editor in 49.27 ms, found 3 plugins.
Preloading 0 native plugins for Editor in 0.00 ms.
Initialize engine version: 2020.3.11f1 (99c7afb366b3)
[Subsystems] Discovering subsystems at path D:/Apps/Coding/Unity/Unity Editor/2020.3.11f1/Editor/Data/Resources/UnitySubsystems
[Subsystems] Discovering subsystems at path C:/Users/hanne/Documents/GitHub/NetScapeRoom/Assets
GfxDevice: creating device client; threaded=0
Direct3D:
    Version:  Direct3D 11.0 [level 11.1]
    Renderer: NVIDIA GeForce GTX 980 Ti (ID=0x17c8)
    Vendor:   
    VRAM:     6097 MB
    Driver:   27.21.14.5671
Initialize mono
Mono path[0] = 'D:/Apps/Coding/Unity/Unity Editor/2020.3.11f1/Editor/Data/Managed'
Mono path[1] = 'D:/Apps/Coding/Unity/Unity Editor/2020.3.11f1/Editor/Data/MonoBleedingEdge/lib/mono/unityjit'
Mono config path = 'D:/Apps/Coding/Unity/Unity Editor/2020.3.11f1/Editor/Data/MonoBleedingEdge/etc'
Using monoOptions --debugger-agent=transport=dt_socket,embedding=1,server=y,suspend=n,address=127.0.0.1:56868
Begin MonoManager ReloadAssembly
Registering precompiled unity dll's ...
Register platform support module: D:/Apps/Coding/Unity/Unity Editor/2020.3.11f1/Editor/Data/PlaybackEngines/WindowsStandaloneSupport/UnityEditor.WindowsStandalone.Extensions.dll
Registered in 0.001282 seconds.
Native extension for WindowsStandalone target not found
Refreshing native plugins compatible for Editor in 42.81 ms, found 3 plugins.
Preloading 0 native plugins for Editor in 0.00 ms.
Mono: successfully reloaded assembly
- Completed reload, in  7.742 seconds
Platform modules already initialized, skipping
Registering precompiled user dll's ...
Registered in 0.008709 seconds.
Begin MonoManager ReloadAssembly
Native extension for WindowsStandalone target not found
Refreshing native plugins compatible for Editor in 41.73 ms, found 3 plugins.
Preloading 0 native plugins for Editor in 0.00 ms.
Mono: successfully reloaded assembly
- Completed reload, in  1.224 seconds
Platform modules already initialized, skipping
========================================================================
Worker process is ready to serve import requests
Launched and connected shader compiler UnityShaderCompiler.exe after 0.12 seconds
Refreshing native plugins compatible for Editor in 0.42 ms, found 3 plugins.
Preloading 0 native plugins for Editor in 0.00 ms.
Unloading 2110 Unused Serialized files (Serialized files now loaded: 0)
System memory in use before: 95.3 MB.
System memory in use after: 95.4 MB.

Unloading 28 unused Assets to reduce memory usage. Loaded Objects now: 2549.
Total: 2.342500 ms (FindLiveObjects: 0.184500 ms CreateObjectMapping: 0.081400 ms MarkObjects: 1.954300 ms  DeleteObjects: 0.121400 ms)

========================================================================
Received Import Request.
  path: Assets/Prefabs/MiniGames/ClozePrefab 1.prefab
  artifactKey: Guid(4d2e06c4ac8294643b267302d29d8dcf) Importer(815301076,1909f56bfc062723c751e8b465ee728b)
Start importing Assets/Prefabs/MiniGames/ClozePrefab 1.prefab using Guid(4d2e06c4ac8294643b267302d29d8dcf) Importer(815301076,1909f56bfc062723c751e8b465ee728b)  -> (artifact id: '2da0df5b2aefc2891e2c256fb76d64d8') in 0.201300 seconds
  Import took 0.206242 seconds .

========================================================================
Received Import Request.
  Time since last request: 0.000478 seconds.
  path: Assets/Prefabs/MiniGames/InstanceMinigameWindowParent.prefab
  artifactKey: Guid(0d4d809e7bcd66949bcba44a5e497f70) Importer(815301076,1909f56bfc062723c751e8b465ee728b)
Start importing Assets/Prefabs/MiniGames/InstanceMinigameWindowParent.prefab using Guid(0d4d809e7bcd66949bcba44a5e497f70) Importer(815301076,1909f56bfc062723c751e8b465ee728b)  -> (artifact id: '246be4e9ad8aa66c48595ad3b8cfc155') in 0.089950 seconds
  Import took 0.094105 seconds .

========================================================================
Received Import Request.
  Time since last request: 0.000394 seconds.
  path: Assets/Prefabs/MiniGames/LeverPrefab Variant.prefab
  artifactKey: Guid(e62f7ada96aa4dd468fae440ee9162b5) Importer(815301076,1909f56bfc062723c751e8b465ee728b)
Start importing Assets/Prefabs/MiniGames/LeverPrefab Variant.prefab using Guid(e62f7ada96aa4dd468fae440ee9162b5) Importer(815301076,1909f56bfc062723c751e8b465ee728b)  -> (artifact id: 'bb66904100e74f48037426d88ba27c64') in 0.039401 seconds
  Import took 0.044544 seconds .

========================================================================
Received Import Request.
  Time since last request: 0.000519 seconds.
  path: Assets/Prefabs/MiniGames/UIMinigamePrefab.prefab
  artifactKey: Guid(c2e83732a3d6cd04e87486c740632d24) Importer(815301076,1909f56bfc062723c751e8b465ee728b)
Start importing Assets/Prefabs/MiniGames/UIMinigamePrefab.prefab using Guid(c2e83732a3d6cd04e87486c740632d24) Importer(815301076,1909f56bfc062723c751e8b465ee728b)  -> (artifact id: '58753aff033e815ab1cf76762c0775cc') in 0.035131 seconds
  Import took 0.039721 seconds .

========================================================================
Received Prepare
Registering precompiled user dll's ...
Registered in 0.013329 seconds.
Begin MonoManager ReloadAssembly
Native extension for WindowsStandalone target not found
Refreshing native plugins compatible for Editor in 0.82 ms, found 3 plugins.
Preloading 0 native plugins for Editor in 0.00 ms.
Mono: successfully reloaded assembly
- Completed reload, in  1.456 seconds
Platform modules already initialized, skipping
Refreshing native plugins compatible for Editor in 0.45 ms, found 3 plugins.
Preloading 0 native plugins for Editor in 0.00 ms.
Unloading 2087 Unused Serialized files (Serialized files now loaded: 0)
System memory in use before: 96.6 MB.
System memory in use after: 96.7 MB.

Unloading 22 unused Assets to reduce memory usage. Loaded Objects now: 2562.
Total: 2.331100 ms (FindLiveObjects: 0.184800 ms CreateObjectMapping: 0.080000 ms MarkObjects: 1.947800 ms  DeleteObjects: 0.117300 ms)

AssetImportWorkerClient::OnTransportError - code=2 error=End of file
